<?xml version="1.0" encoding="UTF-8"?>
<testsuite name="JUnit Vintage" tests="0" skipped="0" failures="0" errors="0" time="0.001" hostname="DESKTOP-VANO1TF" timestamp="2024-09-08T22:37:49">
<properties>
<property name="file.encoding" value="UTF-8"/>
<property name="file.separator" value="\"/>
<property name="java.class.path" value="junit-platform-console-standalone-1.11.0.jar"/>
<property name="java.class.version" value="65.0"/>
<property name="java.home" value="C:\Program Files\Java\jdk-21"/>
<property name="java.io.tmpdir" value="C:\Users\catha\AppData\Local\Temp\"/>
<property name="java.library.path" value="C:\Program Files\Java\jdk-21\bin;C:\WINDOWS\Sun\Java\bin;C:\WINDOWS\system32;C:\WINDOWS;C:\Users\catha\bin;C:\Program Files\Git\mingw64\bin;C:\Program Files\Git\usr\local\bin;C:\Program Files\Git\usr\bin;C:\Program Files\Git\usr\bin;C:\Program Files\Git\mingw64\bin;C:\Program Files\Git\usr\bin;C:\Users\catha\bin;C:\Program Files (x86)\NVIDIA Corporation\PhysX\Common;C:\WINDOWS\system32;C:\WINDOWS;C:\WINDOWS\System32\Wbem;C:\WINDOWS\System32\WindowsPowerShell\v1.0;C:\WINDOWS\System32\OpenSSH;C:\Program Files\Git\cmd;C:\Program Files\Java\jdk-21\bin;C:\Program Files\Cloudflare\Cloudflare WARP;C:\Program Files (x86)\Windows Kits\10\Windows Performance Toolkit;C:\Program Files\PuTTY;C:\Users\catha\AppData\Local\Programs\Python\Python312\Scripts;C:\Users\catha\AppData\Local\Programs\Python\Python312;C:\Users\catha\AppData\Local\Microsoft\WindowsApps;C:\Users\catha\AppData\Local\Programs\Microsoft VS Code\bin;C:\msys64\ucrt64\bin;C:\Users\catha\AppData\Local\GitHubDesktop\bin;C:\ghcup\bin;C:\Users\catha\projects\working_projects\brainfuck;C:\Program Files\JetBrains\IntelliJ IDEA 2024.1.4\bin;C:\Program Files\JetBrains\IntelliJ IDEA Community Edition 2024.2.1\bin;C:\Program Files\Git\usr\bin\vendor_perl;C:\Program Files\Git\usr\bin\core_perl;."/>
<property name="java.runtime.name" value="Java(TM) SE Runtime Environment"/>
<property name="java.runtime.version" value="21.0.3+7-LTS-152"/>
<property name="java.specification.name" value="Java Platform API Specification"/>
<property name="java.specification.vendor" value="Oracle Corporation"/>
<property name="java.specification.version" value="21"/>
<property name="java.vendor" value="Oracle Corporation"/>
<property name="java.vendor.url" value="https://java.oracle.com/"/>
<property name="java.vendor.url.bug" value="https://bugreport.java.com/bugreport/"/>
<property name="java.version" value="21.0.3"/>
<property name="java.version.date" value="2024-04-16"/>
<property name="java.vm.compressedOopsMode" value="Zero based"/>
<property name="java.vm.info" value="mixed mode, sharing"/>
<property name="java.vm.name" value="Java HotSpot(TM) 64-Bit Server VM"/>
<property name="java.vm.specification.name" value="Java Virtual Machine Specification"/>
<property name="java.vm.specification.vendor" value="Oracle Corporation"/>
<property name="java.vm.specification.version" value="21"/>
<property name="java.vm.vendor" value="Oracle Corporation"/>
<property name="java.vm.version" value="21.0.3+7-LTS-152"/>
<property name="jdk.debug" value="release"/>
<property name="junit.docs.version" value="1.11.0"/>
<property name="line.separator" value="
"/>
<property name="native.encoding" value="Cp1251"/>
<property name="os.arch" value="amd64"/>
<property name="os.name" value="Windows 11"/>
<property name="os.version" value="10.0"/>
<property name="path.separator" value=";"/>
<property name="stderr.encoding" value="Cp1251"/>
<property name="stdout.encoding" value="Cp1251"/>
<property name="sun.arch.data.model" value="64"/>
<property name="sun.boot.library.path" value="C:\Program Files\Java\jdk-21\bin"/>
<property name="sun.cpu.endian" value="little"/>
<property name="sun.cpu.isalist" value="amd64"/>
<property name="sun.io.unicode.encoding" value="UnicodeLittle"/>
<property name="sun.java.command" value="junit-platform-console-standalone-1.11.0.jar execute -p ru.nsu.dubrovin -cp ru/nsu/dubrovin -cp . --select-class ru.nsu.dubrovin.MainTest --reports-dir=reports"/>
<property name="sun.java.launcher" value="SUN_STANDARD"/>
<property name="sun.jnu.encoding" value="Cp1251"/>
<property name="sun.management.compiler" value="HotSpot 64-Bit Tiered Compilers"/>
<property name="sun.os.patch.level" value=""/>
<property name="user.country" value="RU"/>
<property name="user.dir" value="C:\Users\catha\projects\ooplabs\OOP\Task_1_1_1\src\junit_console"/>
<property name="user.home" value="C:\Users\catha"/>
<property name="user.language" value="ru"/>
<property name="user.name" value="catha"/>
<property name="user.script" value=""/>
<property name="user.timezone" value="Asia/Novosibirsk"/>
<property name="user.variant" value=""/>
</properties>
<system-out><![CDATA[
unique-id: [engine:junit-vintage]
display-name: JUnit Vintage
]]></system-out>
</testsuite>
